<?xml version="1.0" encoding="UTF-8"?>
<testsuite xmlns:xsi="http://www.w3.org/2001/XMLSchema-instance" xsi:noNamespaceSchemaLocation="https://maven.apache.org/surefire/maven-surefire-plugin/xsd/surefire-test-report-3.0.xsd" version="3.0" name="com.ouhuang.JwtTest" time="2.812" tests="1" errors="0" skipped="0" failures="0">
  <properties>
    <property name="java.specification.version" value="17"/>
    <property name="sun.cpu.isalist" value="amd64"/>
    <property name="sun.jnu.encoding" value="GBK"/>
    <property name="java.class.path" value="D:\Code\Java\jkxt-server\target\test-classes;D:\Code\Java\jkxt-server\target\classes;D:\Environment\Java\apache-maven-3.9.6\maven-store\org\springframework\boot\spring-boot-starter-web\3.3.12\spring-boot-starter-web-3.3.12.jar;D:\Environment\Java\apache-maven-3.9.6\maven-store\org\springframework\boot\spring-boot-starter\3.3.12\spring-boot-starter-3.3.12.jar;D:\Environment\Java\apache-maven-3.9.6\maven-store\org\springframework\boot\spring-boot\3.3.12\spring-boot-3.3.12.jar;D:\Environment\Java\apache-maven-3.9.6\maven-store\org\springframework\boot\spring-boot-autoconfigure\3.3.12\spring-boot-autoconfigure-3.3.12.jar;D:\Environment\Java\apache-maven-3.9.6\maven-store\org\springframework\boot\spring-boot-starter-logging\3.3.12\spring-boot-starter-logging-3.3.12.jar;D:\Environment\Java\apache-maven-3.9.6\maven-store\org\apache\logging\log4j\log4j-to-slf4j\2.23.1\log4j-to-slf4j-2.23.1.jar;D:\Environment\Java\apache-maven-3.9.6\maven-store\org\apache\logging\log4j\log4j-api\2.23.1\log4j-api-2.23.1.jar;D:\Environment\Java\apache-maven-3.9.6\maven-store\org\slf4j\jul-to-slf4j\2.0.17\jul-to-slf4j-2.0.17.jar;D:\Environment\Java\apache-maven-3.9.6\maven-store\jakarta\annotation\jakarta.annotation-api\2.1.1\jakarta.annotation-api-2.1.1.jar;D:\Environment\Java\apache-maven-3.9.6\maven-store\org\yaml\snakeyaml\2.2\snakeyaml-2.2.jar;D:\Environment\Java\apache-maven-3.9.6\maven-store\org\springframework\boot\spring-boot-starter-json\3.3.12\spring-boot-starter-json-3.3.12.jar;D:\Environment\Java\apache-maven-3.9.6\maven-store\com\fasterxml\jackson\datatype\jackson-datatype-jdk8\2.17.3\jackson-datatype-jdk8-2.17.3.jar;D:\Environment\Java\apache-maven-3.9.6\maven-store\com\fasterxml\jackson\datatype\jackson-datatype-jsr310\2.17.3\jackson-datatype-jsr310-2.17.3.jar;D:\Environment\Java\apache-maven-3.9.6\maven-store\com\fasterxml\jackson\module\jackson-module-parameter-names\2.17.3\jackson-module-parameter-names-2.17.3.jar;D:\Environment\Java\apache-maven-3.9.6\maven-store\org\springframework\boot\spring-boot-starter-tomcat\3.3.12\spring-boot-starter-tomcat-3.3.12.jar;D:\Environment\Java\apache-maven-3.9.6\maven-store\org\apache\tomcat\embed\tomcat-embed-core\10.1.41\tomcat-embed-core-10.1.41.jar;D:\Environment\Java\apache-maven-3.9.6\maven-store\org\apache\tomcat\embed\tomcat-embed-el\10.1.41\tomcat-embed-el-10.1.41.jar;D:\Environment\Java\apache-maven-3.9.6\maven-store\org\apache\tomcat\embed\tomcat-embed-websocket\10.1.41\tomcat-embed-websocket-10.1.41.jar;D:\Environment\Java\apache-maven-3.9.6\maven-store\org\springframework\spring-web\6.1.20\spring-web-6.1.20.jar;D:\Environment\Java\apache-maven-3.9.6\maven-store\org\springframework\spring-beans\6.1.20\spring-beans-6.1.20.jar;D:\Environment\Java\apache-maven-3.9.6\maven-store\io\micrometer\micrometer-observation\1.13.14\micrometer-observation-1.13.14.jar;D:\Environment\Java\apache-maven-3.9.6\maven-store\io\micrometer\micrometer-commons\1.13.14\micrometer-commons-1.13.14.jar;D:\Environment\Java\apache-maven-3.9.6\maven-store\org\springframework\spring-webmvc\6.1.20\spring-webmvc-6.1.20.jar;D:\Environment\Java\apache-maven-3.9.6\maven-store\org\springframework\spring-aop\6.1.20\spring-aop-6.1.20.jar;D:\Environment\Java\apache-maven-3.9.6\maven-store\org\springframework\spring-context\6.1.20\spring-context-6.1.20.jar;D:\Environment\Java\apache-maven-3.9.6\maven-store\org\springframework\spring-expression\6.1.20\spring-expression-6.1.20.jar;D:\Environment\Java\apache-maven-3.9.6\maven-store\org\mybatis\spring\boot\mybatis-spring-boot-starter\3.0.4\mybatis-spring-boot-starter-3.0.4.jar;D:\Environment\Java\apache-maven-3.9.6\maven-store\org\springframework\boot\spring-boot-starter-jdbc\3.3.12\spring-boot-starter-jdbc-3.3.12.jar;D:\Environment\Java\apache-maven-3.9.6\maven-store\com\zaxxer\HikariCP\5.1.0\HikariCP-5.1.0.jar;D:\Environment\Java\apache-maven-3.9.6\maven-store\org\springframework\spring-jdbc\6.1.20\spring-jdbc-6.1.20.jar;D:\Environment\Java\apache-maven-3.9.6\maven-store\org\mybatis\spring\boot\mybatis-spring-boot-autoconfigure\3.0.4\mybatis-spring-boot-autoconfigure-3.0.4.jar;D:\Environment\Java\apache-maven-3.9.6\maven-store\org\mybatis\mybatis\3.5.17\mybatis-3.5.17.jar;D:\Environment\Java\apache-maven-3.9.6\maven-store\org\mybatis\mybatis-spring\3.0.4\mybatis-spring-3.0.4.jar;D:\Environment\Java\apache-maven-3.9.6\maven-store\com\mysql\mysql-connector-j\8.3.0\mysql-connector-j-8.3.0.jar;D:\Environment\Java\apache-maven-3.9.6\maven-store\ch\qos\logback\logback-classic\1.5.18\logback-classic-1.5.18.jar;D:\Environment\Java\apache-maven-3.9.6\maven-store\ch\qos\logback\logback-core\1.5.18\logback-core-1.5.18.jar;D:\Environment\Java\apache-maven-3.9.6\maven-store\org\slf4j\slf4j-api\2.0.17\slf4j-api-2.0.17.jar;D:\Environment\Java\apache-maven-3.9.6\maven-store\org\projectlombok\lombok\1.18.24\lombok-1.18.24.jar;D:\Environment\Java\apache-maven-3.9.6\maven-store\com\auth0\java-jwt\4.4.0\java-jwt-4.4.0.jar;D:\Environment\Java\apache-maven-3.9.6\maven-store\com\fasterxml\jackson\core\jackson-databind\2.17.3\jackson-databind-2.17.3.jar;D:\Environment\Java\apache-maven-3.9.6\maven-store\com\fasterxml\jackson\core\jackson-annotations\2.17.3\jackson-annotations-2.17.3.jar;D:\Environment\Java\apache-maven-3.9.6\maven-store\com\fasterxml\jackson\core\jackson-core\2.17.3\jackson-core-2.17.3.jar;D:\Environment\Java\apache-maven-3.9.6\maven-store\org\springframework\boot\spring-boot-starter-test\3.3.12\spring-boot-starter-test-3.3.12.jar;D:\Environment\Java\apache-maven-3.9.6\maven-store\org\springframework\boot\spring-boot-test\3.3.12\spring-boot-test-3.3.12.jar;D:\Environment\Java\apache-maven-3.9.6\maven-store\org\springframework\boot\spring-boot-test-autoconfigure\3.3.12\spring-boot-test-autoconfigure-3.3.12.jar;D:\Environment\Java\apache-maven-3.9.6\maven-store\com\jayway\jsonpath\json-path\2.9.0\json-path-2.9.0.jar;D:\Environment\Java\apache-maven-3.9.6\maven-store\jakarta\xml\bind\jakarta.xml.bind-api\4.0.2\jakarta.xml.bind-api-4.0.2.jar;D:\Environment\Java\apache-maven-3.9.6\maven-store\jakarta\activation\jakarta.activation-api\2.1.3\jakarta.activation-api-2.1.3.jar;D:\Environment\Java\apache-maven-3.9.6\maven-store\net\minidev\json-smart\2.5.2\json-smart-2.5.2.jar;D:\Environment\Java\apache-maven-3.9.6\maven-store\net\minidev\accessors-smart\2.5.2\accessors-smart-2.5.2.jar;D:\Environment\Java\apache-maven-3.9.6\maven-store\org\ow2\asm\asm\9.7.1\asm-9.7.1.jar;D:\Environment\Java\apache-maven-3.9.6\maven-store\org\assertj\assertj-core\3.25.3\assertj-core-3.25.3.jar;D:\Environment\Java\apache-maven-3.9.6\maven-store\net\bytebuddy\byte-buddy\1.14.19\byte-buddy-1.14.19.jar;D:\Environment\Java\apache-maven-3.9.6\maven-store\org\awaitility\awaitility\4.2.2\awaitility-4.2.2.jar;D:\Environment\Java\apache-maven-3.9.6\maven-store\org\hamcrest\hamcrest\2.2\hamcrest-2.2.jar;D:\Environment\Java\apache-maven-3.9.6\maven-store\org\junit\jupiter\junit-jupiter\5.10.5\junit-jupiter-5.10.5.jar;D:\Environment\Java\apache-maven-3.9.6\maven-store\org\junit\jupiter\junit-jupiter-api\5.10.5\junit-jupiter-api-5.10.5.jar;D:\Environment\Java\apache-maven-3.9.6\maven-store\org\opentest4j\opentest4j\1.3.0\opentest4j-1.3.0.jar;D:\Environment\Java\apache-maven-3.9.6\maven-store\org\junit\platform\junit-platform-commons\1.10.5\junit-platform-commons-1.10.5.jar;D:\Environment\Java\apache-maven-3.9.6\maven-store\org\apiguardian\apiguardian-api\1.1.2\apiguardian-api-1.1.2.jar;D:\Environment\Java\apache-maven-3.9.6\maven-store\org\junit\jupiter\junit-jupiter-params\5.10.5\junit-jupiter-params-5.10.5.jar;D:\Environment\Java\apache-maven-3.9.6\maven-store\org\junit\jupiter\junit-jupiter-engine\5.10.5\junit-jupiter-engine-5.10.5.jar;D:\Environment\Java\apache-maven-3.9.6\maven-store\org\junit\platform\junit-platform-engine\1.10.5\junit-platform-engine-1.10.5.jar;D:\Environment\Java\apache-maven-3.9.6\maven-store\org\mockito\mockito-core\5.11.0\mockito-core-5.11.0.jar;D:\Environment\Java\apache-maven-3.9.6\maven-store\net\bytebuddy\byte-buddy-agent\1.14.19\byte-buddy-agent-1.14.19.jar;D:\Environment\Java\apache-maven-3.9.6\maven-store\org\objenesis\objenesis\3.3\objenesis-3.3.jar;D:\Environment\Java\apache-maven-3.9.6\maven-store\org\mockito\mockito-junit-jupiter\5.11.0\mockito-junit-jupiter-5.11.0.jar;D:\Environment\Java\apache-maven-3.9.6\maven-store\org\skyscreamer\jsonassert\1.5.3\jsonassert-1.5.3.jar;D:\Environment\Java\apache-maven-3.9.6\maven-store\com\vaadin\external\google\android-json\0.0.20131108.vaadin1\android-json-0.0.20131108.vaadin1.jar;D:\Environment\Java\apache-maven-3.9.6\maven-store\org\springframework\spring-core\6.1.20\spring-core-6.1.20.jar;D:\Environment\Java\apache-maven-3.9.6\maven-store\org\springframework\spring-jcl\6.1.20\spring-jcl-6.1.20.jar;D:\Environment\Java\apache-maven-3.9.6\maven-store\org\springframework\spring-test\6.1.20\spring-test-6.1.20.jar;D:\Environment\Java\apache-maven-3.9.6\maven-store\org\xmlunit\xmlunit-core\2.9.1\xmlunit-core-2.9.1.jar;D:\Environment\Java\apache-maven-3.9.6\maven-store\org\mybatis\spring\boot\mybatis-spring-boot-starter-test\3.0.4\mybatis-spring-boot-starter-test-3.0.4.jar;D:\Environment\Java\apache-maven-3.9.6\maven-store\org\mybatis\spring\boot\mybatis-spring-boot-test-autoconfigure\3.0.4\mybatis-spring-boot-test-autoconfigure-3.0.4.jar;D:\Environment\Java\apache-maven-3.9.6\maven-store\org\springframework\spring-tx\6.1.20\spring-tx-6.1.20.jar;"/>
    <property name="java.vm.vendor" value="Oracle Corporation"/>
    <property name="sun.arch.data.model" value="64"/>
    <property name="user.variant" value=""/>
    <property name="java.vendor.url" value="https://java.oracle.com/"/>
    <property name="user.timezone" value="Asia/Shanghai"/>
    <property name="os.name" value="Windows 11"/>
    <property name="java.vm.specification.version" value="17"/>
    <property name="sun.java.launcher" value="SUN_STANDARD"/>
    <property name="user.country" value="CN"/>
    <property name="sun.boot.library.path" value="D:\Environment\Java\jdk-17\bin"/>
    <property name="sun.java.command" value="C:\Users\29641\AppData\Local\Temp\surefire3971713899059805105\surefirebooter-20250609120134166_3.jar C:\Users\29641\AppData\Local\Temp\surefire3971713899059805105 2025-06-09T12-01-29_066-jvmRun1 surefire-20250609120134166_1tmp surefire_0-20250609120134166_2tmp"/>
    <property name="jdk.debug" value="release"/>
    <property name="surefire.test.class.path" value="D:\Code\Java\jkxt-server\target\test-classes;D:\Code\Java\jkxt-server\target\classes;D:\Environment\Java\apache-maven-3.9.6\maven-store\org\springframework\boot\spring-boot-starter-web\3.3.12\spring-boot-starter-web-3.3.12.jar;D:\Environment\Java\apache-maven-3.9.6\maven-store\org\springframework\boot\spring-boot-starter\3.3.12\spring-boot-starter-3.3.12.jar;D:\Environment\Java\apache-maven-3.9.6\maven-store\org\springframework\boot\spring-boot\3.3.12\spring-boot-3.3.12.jar;D:\Environment\Java\apache-maven-3.9.6\maven-store\org\springframework\boot\spring-boot-autoconfigure\3.3.12\spring-boot-autoconfigure-3.3.12.jar;D:\Environment\Java\apache-maven-3.9.6\maven-store\org\springframework\boot\spring-boot-starter-logging\3.3.12\spring-boot-starter-logging-3.3.12.jar;D:\Environment\Java\apache-maven-3.9.6\maven-store\org\apache\logging\log4j\log4j-to-slf4j\2.23.1\log4j-to-slf4j-2.23.1.jar;D:\Environment\Java\apache-maven-3.9.6\maven-store\org\apache\logging\log4j\log4j-api\2.23.1\log4j-api-2.23.1.jar;D:\Environment\Java\apache-maven-3.9.6\maven-store\org\slf4j\jul-to-slf4j\2.0.17\jul-to-slf4j-2.0.17.jar;D:\Environment\Java\apache-maven-3.9.6\maven-store\jakarta\annotation\jakarta.annotation-api\2.1.1\jakarta.annotation-api-2.1.1.jar;D:\Environment\Java\apache-maven-3.9.6\maven-store\org\yaml\snakeyaml\2.2\snakeyaml-2.2.jar;D:\Environment\Java\apache-maven-3.9.6\maven-store\org\springframework\boot\spring-boot-starter-json\3.3.12\spring-boot-starter-json-3.3.12.jar;D:\Environment\Java\apache-maven-3.9.6\maven-store\com\fasterxml\jackson\datatype\jackson-datatype-jdk8\2.17.3\jackson-datatype-jdk8-2.17.3.jar;D:\Environment\Java\apache-maven-3.9.6\maven-store\com\fasterxml\jackson\datatype\jackson-datatype-jsr310\2.17.3\jackson-datatype-jsr310-2.17.3.jar;D:\Environment\Java\apache-maven-3.9.6\maven-store\com\fasterxml\jackson\module\jackson-module-parameter-names\2.17.3\jackson-module-parameter-names-2.17.3.jar;D:\Environment\Java\apache-maven-3.9.6\maven-store\org\springframework\boot\spring-boot-starter-tomcat\3.3.12\spring-boot-starter-tomcat-3.3.12.jar;D:\Environment\Java\apache-maven-3.9.6\maven-store\org\apache\tomcat\embed\tomcat-embed-core\10.1.41\tomcat-embed-core-10.1.41.jar;D:\Environment\Java\apache-maven-3.9.6\maven-store\org\apache\tomcat\embed\tomcat-embed-el\10.1.41\tomcat-embed-el-10.1.41.jar;D:\Environment\Java\apache-maven-3.9.6\maven-store\org\apache\tomcat\embed\tomcat-embed-websocket\10.1.41\tomcat-embed-websocket-10.1.41.jar;D:\Environment\Java\apache-maven-3.9.6\maven-store\org\springframework\spring-web\6.1.20\spring-web-6.1.20.jar;D:\Environment\Java\apache-maven-3.9.6\maven-store\org\springframework\spring-beans\6.1.20\spring-beans-6.1.20.jar;D:\Environment\Java\apache-maven-3.9.6\maven-store\io\micrometer\micrometer-observation\1.13.14\micrometer-observation-1.13.14.jar;D:\Environment\Java\apache-maven-3.9.6\maven-store\io\micrometer\micrometer-commons\1.13.14\micrometer-commons-1.13.14.jar;D:\Environment\Java\apache-maven-3.9.6\maven-store\org\springframework\spring-webmvc\6.1.20\spring-webmvc-6.1.20.jar;D:\Environment\Java\apache-maven-3.9.6\maven-store\org\springframework\spring-aop\6.1.20\spring-aop-6.1.20.jar;D:\Environment\Java\apache-maven-3.9.6\maven-store\org\springframework\spring-context\6.1.20\spring-context-6.1.20.jar;D:\Environment\Java\apache-maven-3.9.6\maven-store\org\springframework\spring-expression\6.1.20\spring-expression-6.1.20.jar;D:\Environment\Java\apache-maven-3.9.6\maven-store\org\mybatis\spring\boot\mybatis-spring-boot-starter\3.0.4\mybatis-spring-boot-starter-3.0.4.jar;D:\Environment\Java\apache-maven-3.9.6\maven-store\org\springframework\boot\spring-boot-starter-jdbc\3.3.12\spring-boot-starter-jdbc-3.3.12.jar;D:\Environment\Java\apache-maven-3.9.6\maven-store\com\zaxxer\HikariCP\5.1.0\HikariCP-5.1.0.jar;D:\Environment\Java\apache-maven-3.9.6\maven-store\org\springframework\spring-jdbc\6.1.20\spring-jdbc-6.1.20.jar;D:\Environment\Java\apache-maven-3.9.6\maven-store\org\mybatis\spring\boot\mybatis-spring-boot-autoconfigure\3.0.4\mybatis-spring-boot-autoconfigure-3.0.4.jar;D:\Environment\Java\apache-maven-3.9.6\maven-store\org\mybatis\mybatis\3.5.17\mybatis-3.5.17.jar;D:\Environment\Java\apache-maven-3.9.6\maven-store\org\mybatis\mybatis-spring\3.0.4\mybatis-spring-3.0.4.jar;D:\Environment\Java\apache-maven-3.9.6\maven-store\com\mysql\mysql-connector-j\8.3.0\mysql-connector-j-8.3.0.jar;D:\Environment\Java\apache-maven-3.9.6\maven-store\ch\qos\logback\logback-classic\1.5.18\logback-classic-1.5.18.jar;D:\Environment\Java\apache-maven-3.9.6\maven-store\ch\qos\logback\logback-core\1.5.18\logback-core-1.5.18.jar;D:\Environment\Java\apache-maven-3.9.6\maven-store\org\slf4j\slf4j-api\2.0.17\slf4j-api-2.0.17.jar;D:\Environment\Java\apache-maven-3.9.6\maven-store\org\projectlombok\lombok\1.18.24\lombok-1.18.24.jar;D:\Environment\Java\apache-maven-3.9.6\maven-store\com\auth0\java-jwt\4.4.0\java-jwt-4.4.0.jar;D:\Environment\Java\apache-maven-3.9.6\maven-store\com\fasterxml\jackson\core\jackson-databind\2.17.3\jackson-databind-2.17.3.jar;D:\Environment\Java\apache-maven-3.9.6\maven-store\com\fasterxml\jackson\core\jackson-annotations\2.17.3\jackson-annotations-2.17.3.jar;D:\Environment\Java\apache-maven-3.9.6\maven-store\com\fasterxml\jackson\core\jackson-core\2.17.3\jackson-core-2.17.3.jar;D:\Environment\Java\apache-maven-3.9.6\maven-store\org\springframework\boot\spring-boot-starter-test\3.3.12\spring-boot-starter-test-3.3.12.jar;D:\Environment\Java\apache-maven-3.9.6\maven-store\org\springframework\boot\spring-boot-test\3.3.12\spring-boot-test-3.3.12.jar;D:\Environment\Java\apache-maven-3.9.6\maven-store\org\springframework\boot\spring-boot-test-autoconfigure\3.3.12\spring-boot-test-autoconfigure-3.3.12.jar;D:\Environment\Java\apache-maven-3.9.6\maven-store\com\jayway\jsonpath\json-path\2.9.0\json-path-2.9.0.jar;D:\Environment\Java\apache-maven-3.9.6\maven-store\jakarta\xml\bind\jakarta.xml.bind-api\4.0.2\jakarta.xml.bind-api-4.0.2.jar;D:\Environment\Java\apache-maven-3.9.6\maven-store\jakarta\activation\jakarta.activation-api\2.1.3\jakarta.activation-api-2.1.3.jar;D:\Environment\Java\apache-maven-3.9.6\maven-store\net\minidev\json-smart\2.5.2\json-smart-2.5.2.jar;D:\Environment\Java\apache-maven-3.9.6\maven-store\net\minidev\accessors-smart\2.5.2\accessors-smart-2.5.2.jar;D:\Environment\Java\apache-maven-3.9.6\maven-store\org\ow2\asm\asm\9.7.1\asm-9.7.1.jar;D:\Environment\Java\apache-maven-3.9.6\maven-store\org\assertj\assertj-core\3.25.3\assertj-core-3.25.3.jar;D:\Environment\Java\apache-maven-3.9.6\maven-store\net\bytebuddy\byte-buddy\1.14.19\byte-buddy-1.14.19.jar;D:\Environment\Java\apache-maven-3.9.6\maven-store\org\awaitility\awaitility\4.2.2\awaitility-4.2.2.jar;D:\Environment\Java\apache-maven-3.9.6\maven-store\org\hamcrest\hamcrest\2.2\hamcrest-2.2.jar;D:\Environment\Java\apache-maven-3.9.6\maven-store\org\junit\jupiter\junit-jupiter\5.10.5\junit-jupiter-5.10.5.jar;D:\Environment\Java\apache-maven-3.9.6\maven-store\org\junit\jupiter\junit-jupiter-api\5.10.5\junit-jupiter-api-5.10.5.jar;D:\Environment\Java\apache-maven-3.9.6\maven-store\org\opentest4j\opentest4j\1.3.0\opentest4j-1.3.0.jar;D:\Environment\Java\apache-maven-3.9.6\maven-store\org\junit\platform\junit-platform-commons\1.10.5\junit-platform-commons-1.10.5.jar;D:\Environment\Java\apache-maven-3.9.6\maven-store\org\apiguardian\apiguardian-api\1.1.2\apiguardian-api-1.1.2.jar;D:\Environment\Java\apache-maven-3.9.6\maven-store\org\junit\jupiter\junit-jupiter-params\5.10.5\junit-jupiter-params-5.10.5.jar;D:\Environment\Java\apache-maven-3.9.6\maven-store\org\junit\jupiter\junit-jupiter-engine\5.10.5\junit-jupiter-engine-5.10.5.jar;D:\Environment\Java\apache-maven-3.9.6\maven-store\org\junit\platform\junit-platform-engine\1.10.5\junit-platform-engine-1.10.5.jar;D:\Environment\Java\apache-maven-3.9.6\maven-store\org\mockito\mockito-core\5.11.0\mockito-core-5.11.0.jar;D:\Environment\Java\apache-maven-3.9.6\maven-store\net\bytebuddy\byte-buddy-agent\1.14.19\byte-buddy-agent-1.14.19.jar;D:\Environment\Java\apache-maven-3.9.6\maven-store\org\objenesis\objenesis\3.3\objenesis-3.3.jar;D:\Environment\Java\apache-maven-3.9.6\maven-store\org\mockito\mockito-junit-jupiter\5.11.0\mockito-junit-jupiter-5.11.0.jar;D:\Environment\Java\apache-maven-3.9.6\maven-store\org\skyscreamer\jsonassert\1.5.3\jsonassert-1.5.3.jar;D:\Environment\Java\apache-maven-3.9.6\maven-store\com\vaadin\external\google\android-json\0.0.20131108.vaadin1\android-json-0.0.20131108.vaadin1.jar;D:\Environment\Java\apache-maven-3.9.6\maven-store\org\springframework\spring-core\6.1.20\spring-core-6.1.20.jar;D:\Environment\Java\apache-maven-3.9.6\maven-store\org\springframework\spring-jcl\6.1.20\spring-jcl-6.1.20.jar;D:\Environment\Java\apache-maven-3.9.6\maven-store\org\springframework\spring-test\6.1.20\spring-test-6.1.20.jar;D:\Environment\Java\apache-maven-3.9.6\maven-store\org\xmlunit\xmlunit-core\2.9.1\xmlunit-core-2.9.1.jar;D:\Environment\Java\apache-maven-3.9.6\maven-store\org\mybatis\spring\boot\mybatis-spring-boot-starter-test\3.0.4\mybatis-spring-boot-starter-test-3.0.4.jar;D:\Environment\Java\apache-maven-3.9.6\maven-store\org\mybatis\spring\boot\mybatis-spring-boot-test-autoconfigure\3.0.4\mybatis-spring-boot-test-autoconfigure-3.0.4.jar;D:\Environment\Java\apache-maven-3.9.6\maven-store\org\springframework\spring-tx\6.1.20\spring-tx-6.1.20.jar;"/>
    <property name="sun.cpu.endian" value="little"/>
    <property name="user.home" value="C:\Users\29641"/>
    <property name="user.language" value="zh"/>
    <property name="java.specification.vendor" value="Oracle Corporation"/>
    <property name="java.version.date" value="2024-04-16"/>
    <property name="java.home" value="D:\Environment\Java\jdk-17"/>
    <property name="file.separator" value="\"/>
    <property name="basedir" value="D:\Code\Java\jkxt-server"/>
    <property name="java.vm.compressedOopsMode" value="32-bit"/>
    <property name="line.separator" value="&#10;"/>
    <property name="java.vm.specification.vendor" value="Oracle Corporation"/>
    <property name="java.specification.name" value="Java Platform API Specification"/>
    <property name="FILE_LOG_CHARSET" value="GBK"/>
    <property name="java.awt.headless" value="true"/>
    <property name="surefire.real.class.path" value="C:\Users\29641\AppData\Local\Temp\surefire3971713899059805105\surefirebooter-20250609120134166_3.jar"/>
    <property name="user.script" value=""/>
    <property name="sun.management.compiler" value="HotSpot 64-Bit Tiered Compilers"/>
    <property name="java.runtime.version" value="17.0.11+7-LTS-207"/>
    <property name="user.name" value="29641"/>
    <property name="path.separator" value=";"/>
    <property name="os.version" value="10.0"/>
    <property name="java.runtime.name" value="Java(TM) SE Runtime Environment"/>
    <property name="file.encoding" value="GBK"/>
    <property name="java.vm.name" value="Java HotSpot(TM) 64-Bit Server VM"/>
    <property name="localRepository" value="D:\Environment\Java\apache-maven-3.9.6\maven-store"/>
    <property name="java.vendor.url.bug" value="https://bugreport.java.com/bugreport/"/>
    <property name="java.io.tmpdir" value="C:\Users\29641\AppData\Local\Temp\"/>
    <property name="java.version" value="17.0.11"/>
    <property name="user.dir" value="D:\Code\Java\jkxt-server"/>
    <property name="os.arch" value="amd64"/>
    <property name="java.vm.specification.name" value="Java Virtual Machine Specification"/>
    <property name="PID" value="23312"/>
    <property name="sun.os.patch.level" value=""/>
    <property name="CONSOLE_LOG_CHARSET" value="GBK"/>
    <property name="native.encoding" value="GBK"/>
    <property name="java.library.path" value="D:\Environment\Java\jdk-17\bin;C:\WINDOWS\Sun\Java\bin;C:\WINDOWS\system32;C:\WINDOWS;C:\Program Files\Common Files\Oracle\Java\javapath;C:\Windows\system32;C:\Windows;C:\Windows\System32\Wbem;C:\Windows\System32\WindowsPowerShell\v1.0\;C:\Windows\System32\OpenSSH\;C:\Program Files (x86)\NVIDIA Corporation\PhysX\Common;C:\Program Files\NVIDIA Corporation\NVIDIA NvDLISR;C:\WINDOWS\system32;C:\WINDOWS;C:\WINDOWS\System32\Wbem;C:\WINDOWS\System32\WindowsPowerShell\v1.0\;C:\WINDOWS\System32\OpenSSH\;D:\Program Files\Python_3.11.4\Scripts\django-admin.exe;D:\Program Files\MATLAB\R2023a\runtime\win64;D:\Program Files\MATLAB\R2023a\bin;D:\Environment\JavaScript\node-v18\;D:\Environment\Java\apache-maven-3.9.6\bin;;D:\Program Files\Tencent\WeChat_devtool\dll;D:\Environment\Python\Python-3.11\Scripts\;D:\Environment\Python\Python-3.11\;D:\Environment\Python\Python-3.12\Scripts\;D:\Environment\Python\Python-3.12\;D:\Program Files\Environment\Python\Python-3.11\Scripts\;D:\Program Files\Environment\Python\Python-3.11\;D:\Program Files\python\Scripts\;D:\Program Files\python\;C:\Users\29641\AppData\Local\Microsoft\WindowsApps;;D:\Program Files\JetBrains\PyCharm 2023.2.4\bin;;D:\Program Files\Microsoft\Microsoft VS Code\bin;D:\Program Files\JetBrains\WebStorm\bin;;C:\Users\29641\AppData\Local\Programs\Ollama;C:\Users\29641\AppData\Roaming\npm;."/>
    <property name="java.vm.info" value="mixed mode, sharing"/>
    <property name="java.vendor" value="Oracle Corporation"/>
    <property name="java.vm.version" value="17.0.11+7-LTS-207"/>
    <property name="sun.io.unicode.encoding" value="UnicodeLittle"/>
    <property name="java.class.version" value="61.0"/>
    <property name="LOGGED_APPLICATION_NAME" value="[jkxt-server] "/>
  </properties>
  <testcase name="test" classname="com.ouhuang.JwtTest" time="0.968">
    <system-out><![CDATA[12:01:35.042 [main] INFO org.springframework.test.context.support.AnnotationConfigContextLoaderUtils -- Could not detect default configuration classes for test class [com.ouhuang.JwtTest]: JwtTest does not declare any static, non-private, non-final, nested classes annotated with @Configuration.
12:01:35.136 [main] INFO org.springframework.boot.test.context.SpringBootTestContextBootstrapper -- Found @SpringBootConfiguration com.ouhuang.JkxtServerApplication for test class com.ouhuang.JwtTest

  .   ____          _            __ _ _
 /\\ / ___'_ __ _ _(_)_ __  __ _ \ \ \ \
( ( )\___ | '_ | '_| | '_ \/ _` | \ \ \ \
 \\/  ___)| |_)| | | | | || (_| |  ) ) ) )
  '  |____| .__|_| |_|_| |_\__, | / / / /
 =========|_|==============|___/=/_/_/_/

 :: Spring Boot ::               (v3.3.12)

2025-06-09T12:01:35.443+08:00  INFO 23312 --- [jkxt-server] [           main] com.ouhuang.JwtTest                      : Starting JwtTest using Java 17.0.11 with PID 23312 (started by 29641 in D:\Code\Java\jkxt-server)
2025-06-09T12:01:35.443+08:00  INFO 23312 --- [jkxt-server] [           main] com.ouhuang.JwtTest                      : No active profile set, falling back to 1 default profile: "default"
2025-06-09T12:01:36.745+08:00  INFO 23312 --- [jkxt-server] [           main] com.ouhuang.JwtTest                      : Started JwtTest in 1.484 seconds (process running for 2.385)
eyJhbGciOiJIUzI1NiIsInR5cCI6IkpXVCJ9.eyJjbGFpbXMiOnsidXNlcl9pZCI6IjEiLCJtb2JpbGUiOiIxODIzMDcxMjExNCIsInVzZXJuYW1lIjoib3VodWFuZ3hpYW9sZSJ9LCJleHAiOjE3NDk0ODQ4OTd9.fgGm8NP3zlsfxL7kkoGe5f5r9wHU4dCgeqrNfQrY7TE
]]></system-out>
  </testcase>
</testsuite>